<?xml version="1.0" encoding="UTF-8"?>
<!-- Generated by org.testng.reporters.JUnitXMLReporter -->
<testsuite ignored="0" hostname="LAPTOP-KO4UPKBB" failures="1" tests="2" name="Test" time="18.276" errors="0" timestamp="2022-12-28T13:36:33 IST">
  <testcase classname="scripts.Testcase2" name="tc2" time="0.331">
    <failure type="java.lang.NullPointerException" message="Cannot invoke &amp;quot;Object.hashCode()&amp;quot; because &amp;quot;key&amp;quot; is null">
      <![CDATA[java.lang.NullPointerException: Cannot invoke "Object.hashCode()" because "key" is null
at java.base/java.util.concurrent.ConcurrentHashMap.get(ConcurrentHashMap.java:936)
at java.base/java.util.Properties.getProperty(Properties.java:1141)
at genaricLib.PropertyFile.getPropertydata(PropertyFile.java:15)
at scripts.Testcase2.tc2(Testcase2.java:25)
at java.base/java.util.ArrayList.forEach(ArrayList.java:1511)
... Removed 25 stack frames]]>
    </failure>
  </testcase> <!-- tc2 -->
  <testcase classname="scripts.Testcase1" name="tc1" time="5.954"/>
</testsuite> <!-- Test -->
